<?xml version="1.0" encoding="UTF-8"?>
<testsuite name="com.skim88.myproject.springboot.web.IndexControllerTest" tests="1" skipped="0" failures="0" errors="0" timestamp="2021-04-13T14:13:31" hostname="gimseong-ils-MacBook-Air.local" time="0.368">
  <properties/>
  <testcase name="메인페이지_로딩" classname="com.skim88.myproject.springboot.web.IndexControllerTest" time="0.368"/>
  <system-out><![CDATA[2021-04-13 23:13:26.312  INFO 4241 --- [    Test worker] .b.t.c.SpringBootTestContextBootstrapper : Neither @ContextConfiguration nor @ContextHierarchy found for test class [com.skim88.myproject.springboot.web.IndexControllerTest], using SpringBootContextLoader
2021-04-13 23:13:26.316  INFO 4241 --- [    Test worker] o.s.t.c.support.AbstractContextLoader    : Could not detect default resource locations for test class [com.skim88.myproject.springboot.web.IndexControllerTest]: no resource found for suffixes {-context.xml, Context.groovy}.
2021-04-13 23:13:26.316  INFO 4241 --- [    Test worker] t.c.s.AnnotationConfigContextLoaderUtils : Could not detect default configuration classes for test class [com.skim88.myproject.springboot.web.IndexControllerTest]: IndexControllerTest does not declare any static, non-private, non-final, nested classes annotated with @Configuration.
2021-04-13 23:13:26.319  INFO 4241 --- [    Test worker] .b.t.c.SpringBootTestContextBootstrapper : Found @SpringBootConfiguration com.skim88.myproject.springboot.Application for test class com.skim88.myproject.springboot.web.IndexControllerTest
2021-04-13 23:13:26.327  INFO 4241 --- [    Test worker] .b.t.c.SpringBootTestContextBootstrapper : Loaded default TestExecutionListener class names from location [META-INF/spring.factories]: [org.springframework.security.test.context.support.WithSecurityContextTestExecutionListener, org.springframework.security.test.context.support.ReactorContextTestExecutionListener, org.springframework.test.context.web.ServletTestExecutionListener, org.springframework.test.context.support.DirtiesContextBeforeModesTestExecutionListener, org.springframework.test.context.support.DependencyInjectionTestExecutionListener, org.springframework.test.context.support.DirtiesContextTestExecutionListener, org.springframework.test.context.transaction.TransactionalTestExecutionListener, org.springframework.test.context.jdbc.SqlScriptsTestExecutionListener, org.springframework.boot.test.autoconfigure.restdocs.RestDocsTestExecutionListener, org.springframework.boot.test.autoconfigure.web.client.MockRestServiceServerResetTestExecutionListener, org.springframework.boot.test.autoconfigure.web.servlet.MockMvcPrintOnlyOnFailureTestExecutionListener, org.springframework.boot.test.autoconfigure.web.servlet.WebDriverTestExecutionListener, org.springframework.boot.test.mock.mockito.MockitoTestExecutionListener, org.springframework.boot.test.mock.mockito.ResetMocksTestExecutionListener]
2021-04-13 23:13:26.339  INFO 4241 --- [    Test worker] .b.t.c.SpringBootTestContextBootstrapper : Using TestExecutionListeners: [org.springframework.test.context.web.ServletTestExecutionListener@9f96960, org.springframework.test.context.support.DirtiesContextBeforeModesTestExecutionListener@3aa677dc, org.springframework.boot.test.mock.mockito.MockitoTestExecutionListener@ba20c1d, org.springframework.boot.test.autoconfigure.SpringBootDependencyInjectionTestExecutionListener@33d07274, org.springframework.test.context.support.DirtiesContextTestExecutionListener@7120af07, org.springframework.test.context.transaction.TransactionalTestExecutionListener@78b12e68, org.springframework.test.context.jdbc.SqlScriptsTestExecutionListener@63681787, org.springframework.security.test.context.support.WithSecurityContextTestExecutionListener@539b9a4c, org.springframework.security.test.context.support.ReactorContextTestExecutionListener@27b75faf, org.springframework.boot.test.autoconfigure.restdocs.RestDocsTestExecutionListener@5604f75f, org.springframework.boot.test.autoconfigure.web.client.MockRestServiceServerResetTestExecutionListener@75730637, org.springframework.boot.test.autoconfigure.web.servlet.MockMvcPrintOnlyOnFailureTestExecutionListener@7ab5ab2f, org.springframework.boot.test.autoconfigure.web.servlet.WebDriverTestExecutionListener@6762c9f1, org.springframework.boot.test.mock.mockito.ResetMocksTestExecutionListener@16ad644d]

  .   ____          _            __ _ _
 /\\ / ___'_ __ _ _(_)_ __  __ _ \ \ \ \
( ( )\___ | '_ | '_| | '_ \/ _` | \ \ \ \
 \\/  ___)| |_)| | | | | || (_| |  ) ) ) )
  '  |____| .__|_| |_|_| |_\__, | / / / /
 =========|_|==============|___/=/_/_/_/
 :: Spring Boot ::        (v2.1.7.RELEASE)

2021-04-13 23:13:26.462  INFO 4241 --- [    Test worker] c.s.m.s.web.IndexControllerTest          : Starting IndexControllerTest on gimseong-ils-MacBook-Air.local with PID 4241 (started by sung-ilkim in /Users/sung-ilkim/IdeaProjects/springboot-board-project)
2021-04-13 23:13:26.463  INFO 4241 --- [    Test worker] c.s.m.s.web.IndexControllerTest          : The following profiles are active: oauth
2021-04-13 23:13:27.178  INFO 4241 --- [    Test worker] .s.d.r.c.RepositoryConfigurationDelegate : Bootstrapping Spring Data repositories in DEFAULT mode.
2021-04-13 23:13:27.236  INFO 4241 --- [    Test worker] .s.d.r.c.RepositoryConfigurationDelegate : Finished Spring Data repository scanning in 57ms. Found 2 repository interfaces.
2021-04-13 23:13:27.532  INFO 4241 --- [    Test worker] trationDelegate$BeanPostProcessorChecker : Bean 'org.springframework.transaction.annotation.ProxyTransactionManagementConfiguration' of type [org.springframework.transaction.annotation.ProxyTransactionManagementConfiguration$$EnhancerBySpringCGLIB$$57f3740f] is not eligible for getting processed by all BeanPostProcessors (for example: not eligible for auto-proxying)
2021-04-13 23:13:28.162  INFO 4241 --- [    Test worker] o.s.b.w.embedded.tomcat.TomcatWebServer  : Tomcat initialized with port(s): 0 (http)
2021-04-13 23:13:28.249  INFO 4241 --- [    Test worker] o.apache.catalina.core.StandardService   : Starting service [Tomcat]
2021-04-13 23:13:28.251  INFO 4241 --- [    Test worker] org.apache.catalina.core.StandardEngine  : Starting Servlet engine: [Apache Tomcat/9.0.22]
2021-04-13 23:13:28.622  INFO 4241 --- [    Test worker] o.a.c.c.C.[Tomcat].[localhost].[/]       : Initializing Spring embedded WebApplicationContext
2021-04-13 23:13:28.622  INFO 4241 --- [    Test worker] o.s.web.context.ContextLoader            : Root WebApplicationContext: initialization completed in 2153 ms
2021-04-13 23:13:29.332  INFO 4241 --- [    Test worker] com.zaxxer.hikari.HikariDataSource       : HikariPool-2 - Starting...
2021-04-13 23:13:29.335  INFO 4241 --- [    Test worker] com.zaxxer.hikari.HikariDataSource       : HikariPool-2 - Start completed.
2021-04-13 23:13:29.419  INFO 4241 --- [    Test worker] o.hibernate.jpa.internal.util.LogHelper  : HHH000204: Processing PersistenceUnitInfo [
	name: default
	...]
2021-04-13 23:13:29.431  INFO 4241 --- [    Test worker] org.hibernate.dialect.Dialect            : HHH000400: Using dialect: org.hibernate.dialect.MySQL5InnoDBDialect
Hibernate: drop table if exists posts
Hibernate: drop table if exists user
Hibernate: create table posts (id bigint not null auto_increment, create_date datetime, modified_date datetime, author varchar(255), content TEXT not null, title varchar(500) not null, primary key (id)) engine=InnoDB
Hibernate: create table user (id bigint not null auto_increment, email varchar(255) not null, name varchar(255) not null, picture varchar(255), role varchar(255) not null, primary key (id)) engine=InnoDB
2021-04-13 23:13:29.538  INFO 4241 --- [    Test worker] o.h.t.schema.internal.SchemaCreatorImpl  : HHH000476: Executing import script 'org.hibernate.tool.schema.internal.exec.ScriptSourceInputNonExistentImpl@21abef89'
2021-04-13 23:13:29.539  INFO 4241 --- [    Test worker] j.LocalContainerEntityManagerFactoryBean : Initialized JPA EntityManagerFactory for persistence unit 'default'
2021-04-13 23:13:29.932  INFO 4241 --- [    Test worker] o.h.h.i.QueryTranslatorFactoryInitiator  : HHH000397: Using ASTQueryTranslatorFactory
2021-04-13 23:13:30.254  INFO 4241 --- [    Test worker] o.s.s.web.DefaultSecurityFilterChain     : Creating filter chain: any request, [org.springframework.security.web.context.request.async.WebAsyncManagerIntegrationFilter@4a6f7b98, org.springframework.security.web.context.SecurityContextPersistenceFilter@12a2b1e4, org.springframework.security.web.header.HeaderWriterFilter@c0615b8, org.springframework.security.web.authentication.logout.LogoutFilter@5ffdbeda, org.springframework.security.oauth2.client.web.OAuth2AuthorizationRequestRedirectFilter@65b73462, org.springframework.security.oauth2.client.web.OAuth2LoginAuthenticationFilter@651fb49f, org.springframework.security.web.authentication.ui.DefaultLoginPageGeneratingFilter@585719a5, org.springframework.security.web.authentication.ui.DefaultLogoutPageGeneratingFilter@6435b2fd, org.springframework.security.web.savedrequest.RequestCacheAwareFilter@1d21db79, org.springframework.security.web.servletapi.SecurityContextHolderAwareRequestFilter@21b6a6b0, org.springframework.security.web.authentication.AnonymousAuthenticationFilter@38fd9e3d, org.springframework.security.web.session.SessionManagementFilter@5c04a380, org.springframework.security.web.access.ExceptionTranslationFilter@43e99cbd, org.springframework.security.web.access.intercept.FilterSecurityInterceptor@2850c48c]
2021-04-13 23:13:30.666  INFO 4241 --- [    Test worker] o.s.s.concurrent.ThreadPoolTaskExecutor  : Initializing ExecutorService 'applicationTaskExecutor'
2021-04-13 23:13:30.690  WARN 4241 --- [    Test worker] aWebConfiguration$JpaWebMvcConfiguration : spring.jpa.open-in-view is enabled by default. Therefore, database queries may be performed during view rendering. Explicitly configure spring.jpa.open-in-view to disable this warning
2021-04-13 23:13:30.753  INFO 4241 --- [    Test worker] o.s.b.a.w.s.WelcomePageHandlerMapping    : Adding welcome page template: index
2021-04-13 23:13:31.331  INFO 4241 --- [    Test worker] o.s.b.w.embedded.tomcat.TomcatWebServer  : Tomcat started on port(s): 56828 (http) with context path ''
2021-04-13 23:13:31.333  INFO 4241 --- [    Test worker] c.s.m.s.web.IndexControllerTest          : Started IndexControllerTest in 4.986 seconds (JVM running for 25.214)
2021-04-13 23:13:31.513  INFO 4241 --- [o-auto-1-exec-1] o.a.c.c.C.[Tomcat].[localhost].[/]       : Initializing Spring DispatcherServlet 'dispatcherServlet'
2021-04-13 23:13:31.514  INFO 4241 --- [o-auto-1-exec-1] o.s.web.servlet.DispatcherServlet        : Initializing Servlet 'dispatcherServlet'
2021-04-13 23:13:31.556  INFO 4241 --- [o-auto-1-exec-1] o.s.web.servlet.DispatcherServlet        : Completed initialization in 42 ms
Hibernate: select posts0_.id as id1_0_, posts0_.create_date as create_d2_0_, posts0_.modified_date as modified3_0_, posts0_.author as author4_0_, posts0_.content as content5_0_, posts0_.title as title6_0_ from posts posts0_ order by posts0_.id DESC
]]></system-out>
  <system-err><![CDATA[]]></system-err>
</testsuite>
