<?xml version="1.0" encoding="UTF-8"?>
<testsuite name="com.skim88.myproject.springboot.web.IndexControllerTest" tests="1" skipped="0" failures="0" errors="0" timestamp="2021-04-13T14:43:15" hostname="gimseong-ils-MacBook-Air.local" time="0.272">
  <properties/>
  <testcase name="메인페이지_로딩" classname="com.skim88.myproject.springboot.web.IndexControllerTest" time="0.272"/>
  <system-out><![CDATA[2021-04-13 23:43:13.200  INFO 4445 --- [    Test worker] .b.t.c.SpringBootTestContextBootstrapper : Neither @ContextConfiguration nor @ContextHierarchy found for test class [com.skim88.myproject.springboot.web.IndexControllerTest], using SpringBootContextLoader
2021-04-13 23:43:13.201  INFO 4445 --- [    Test worker] o.s.t.c.support.AbstractContextLoader    : Could not detect default resource locations for test class [com.skim88.myproject.springboot.web.IndexControllerTest]: no resource found for suffixes {-context.xml, Context.groovy}.
2021-04-13 23:43:13.203  INFO 4445 --- [    Test worker] t.c.s.AnnotationConfigContextLoaderUtils : Could not detect default configuration classes for test class [com.skim88.myproject.springboot.web.IndexControllerTest]: IndexControllerTest does not declare any static, non-private, non-final, nested classes annotated with @Configuration.
2021-04-13 23:43:13.204  INFO 4445 --- [    Test worker] .b.t.c.SpringBootTestContextBootstrapper : Found @SpringBootConfiguration com.skim88.myproject.springboot.Application for test class com.skim88.myproject.springboot.web.IndexControllerTest
2021-04-13 23:43:13.206  INFO 4445 --- [    Test worker] .b.t.c.SpringBootTestContextBootstrapper : Loaded default TestExecutionListener class names from location [META-INF/spring.factories]: [org.springframework.security.test.context.support.WithSecurityContextTestExecutionListener, org.springframework.security.test.context.support.ReactorContextTestExecutionListener, org.springframework.test.context.web.ServletTestExecutionListener, org.springframework.test.context.support.DirtiesContextBeforeModesTestExecutionListener, org.springframework.test.context.support.DependencyInjectionTestExecutionListener, org.springframework.test.context.support.DirtiesContextTestExecutionListener, org.springframework.test.context.transaction.TransactionalTestExecutionListener, org.springframework.test.context.jdbc.SqlScriptsTestExecutionListener, org.springframework.boot.test.autoconfigure.restdocs.RestDocsTestExecutionListener, org.springframework.boot.test.autoconfigure.web.client.MockRestServiceServerResetTestExecutionListener, org.springframework.boot.test.autoconfigure.web.servlet.MockMvcPrintOnlyOnFailureTestExecutionListener, org.springframework.boot.test.autoconfigure.web.servlet.WebDriverTestExecutionListener, org.springframework.boot.test.mock.mockito.MockitoTestExecutionListener, org.springframework.boot.test.mock.mockito.ResetMocksTestExecutionListener]
2021-04-13 23:43:13.207  INFO 4445 --- [    Test worker] .b.t.c.SpringBootTestContextBootstrapper : Using TestExecutionListeners: [org.springframework.test.context.web.ServletTestExecutionListener@5b213ff2, org.springframework.test.context.support.DirtiesContextBeforeModesTestExecutionListener@7a1effe1, org.springframework.boot.test.mock.mockito.MockitoTestExecutionListener@2edef40a, org.springframework.boot.test.autoconfigure.SpringBootDependencyInjectionTestExecutionListener@40be55a7, org.springframework.test.context.support.DirtiesContextTestExecutionListener@12b22ced, org.springframework.test.context.transaction.TransactionalTestExecutionListener@1f5e28ad, org.springframework.test.context.jdbc.SqlScriptsTestExecutionListener@46f9e1e8, org.springframework.security.test.context.support.WithSecurityContextTestExecutionListener@745897fd, org.springframework.security.test.context.support.ReactorContextTestExecutionListener@778e18df, org.springframework.boot.test.autoconfigure.restdocs.RestDocsTestExecutionListener@19fb5dc3, org.springframework.boot.test.autoconfigure.web.client.MockRestServiceServerResetTestExecutionListener@108419b5, org.springframework.boot.test.autoconfigure.web.servlet.MockMvcPrintOnlyOnFailureTestExecutionListener@20538327, org.springframework.boot.test.autoconfigure.web.servlet.WebDriverTestExecutionListener@279c2f12, org.springframework.boot.test.mock.mockito.ResetMocksTestExecutionListener@64ca6b67]

  .   ____          _            __ _ _
 /\\ / ___'_ __ _ _(_)_ __  __ _ \ \ \ \
( ( )\___ | '_ | '_| | '_ \/ _` | \ \ \ \
 \\/  ___)| |_)| | | | | || (_| |  ) ) ) )
  '  |____| .__|_| |_|_| |_\__, | / / / /
 =========|_|==============|___/=/_/_/_/
 :: Spring Boot ::        (v2.1.7.RELEASE)

2021-04-13 23:43:13.258  INFO 4445 --- [    Test worker] c.s.m.s.web.IndexControllerTest          : Starting IndexControllerTest on gimseong-ils-MacBook-Air.local with PID 4445 (started by sung-ilkim in /Users/sung-ilkim/IdeaProjects/springboot-board-project)
2021-04-13 23:43:13.258  INFO 4445 --- [    Test worker] c.s.m.s.web.IndexControllerTest          : The following profiles are active: oauth
2021-04-13 23:43:13.574  INFO 4445 --- [    Test worker] .s.d.r.c.RepositoryConfigurationDelegate : Bootstrapping Spring Data repositories in DEFAULT mode.
2021-04-13 23:43:13.594  INFO 4445 --- [    Test worker] .s.d.r.c.RepositoryConfigurationDelegate : Finished Spring Data repository scanning in 20ms. Found 2 repository interfaces.
2021-04-13 23:43:13.728  INFO 4445 --- [    Test worker] trationDelegate$BeanPostProcessorChecker : Bean 'org.springframework.transaction.annotation.ProxyTransactionManagementConfiguration' of type [org.springframework.transaction.annotation.ProxyTransactionManagementConfiguration$$EnhancerBySpringCGLIB$$e1c2a6d9] is not eligible for getting processed by all BeanPostProcessors (for example: not eligible for auto-proxying)
2021-04-13 23:43:14.064  INFO 4445 --- [    Test worker] o.s.b.w.embedded.tomcat.TomcatWebServer  : Tomcat initialized with port(s): 0 (http)
2021-04-13 23:43:14.112  INFO 4445 --- [    Test worker] o.apache.catalina.core.StandardService   : Starting service [Tomcat]
2021-04-13 23:43:14.112  INFO 4445 --- [    Test worker] org.apache.catalina.core.StandardEngine  : Starting Servlet engine: [Apache Tomcat/9.0.22]
2021-04-13 23:43:14.322  INFO 4445 --- [    Test worker] o.a.c.c.C.[Tomcat].[localhost].[/]       : Initializing Spring embedded WebApplicationContext
2021-04-13 23:43:14.323  INFO 4445 --- [    Test worker] o.s.web.context.ContextLoader            : Root WebApplicationContext: initialization completed in 1055 ms
2021-04-13 23:43:14.595  INFO 4445 --- [    Test worker] com.zaxxer.hikari.HikariDataSource       : HikariPool-2 - Starting...
2021-04-13 23:43:14.597  INFO 4445 --- [    Test worker] com.zaxxer.hikari.HikariDataSource       : HikariPool-2 - Start completed.
2021-04-13 23:43:14.626  INFO 4445 --- [    Test worker] o.hibernate.jpa.internal.util.LogHelper  : HHH000204: Processing PersistenceUnitInfo [
	name: default
	...]
2021-04-13 23:43:14.649  INFO 4445 --- [    Test worker] org.hibernate.dialect.Dialect            : HHH000400: Using dialect: org.hibernate.dialect.MySQL5InnoDBDialect
Hibernate: drop table if exists posts
Hibernate: drop table if exists user
Hibernate: create table posts (id bigint not null auto_increment, create_date datetime, modified_date datetime, author varchar(255), content TEXT not null, title varchar(500) not null, primary key (id)) engine=InnoDB
Hibernate: create table user (id bigint not null auto_increment, email varchar(255) not null, name varchar(255) not null, picture varchar(255), role varchar(255) not null, primary key (id)) engine=InnoDB
2021-04-13 23:43:14.713  INFO 4445 --- [    Test worker] o.h.t.schema.internal.SchemaCreatorImpl  : HHH000476: Executing import script 'org.hibernate.tool.schema.internal.exec.ScriptSourceInputNonExistentImpl@2b73c082'
2021-04-13 23:43:14.714  INFO 4445 --- [    Test worker] j.LocalContainerEntityManagerFactoryBean : Initialized JPA EntityManagerFactory for persistence unit 'default'
2021-04-13 23:43:14.933  INFO 4445 --- [    Test worker] o.h.h.i.QueryTranslatorFactoryInitiator  : HHH000397: Using ASTQueryTranslatorFactory
2021-04-13 23:43:15.157  INFO 4445 --- [    Test worker] o.s.s.web.DefaultSecurityFilterChain     : Creating filter chain: any request, [org.springframework.security.web.context.request.async.WebAsyncManagerIntegrationFilter@8be6008, org.springframework.security.web.context.SecurityContextPersistenceFilter@356254d7, org.springframework.security.web.header.HeaderWriterFilter@44e5f0e3, org.springframework.security.web.authentication.logout.LogoutFilter@69646f93, org.springframework.security.oauth2.client.web.OAuth2AuthorizationRequestRedirectFilter@2dae9b1a, org.springframework.security.oauth2.client.web.OAuth2LoginAuthenticationFilter@402132a6, org.springframework.security.web.authentication.ui.DefaultLoginPageGeneratingFilter@4e074e68, org.springframework.security.web.authentication.ui.DefaultLogoutPageGeneratingFilter@4dd0c997, org.springframework.security.web.savedrequest.RequestCacheAwareFilter@1ad818b3, org.springframework.security.web.servletapi.SecurityContextHolderAwareRequestFilter@715181e3, org.springframework.security.web.authentication.AnonymousAuthenticationFilter@147fed7c, org.springframework.security.web.session.SessionManagementFilter@7069e009, org.springframework.security.web.access.ExceptionTranslationFilter@402df707, org.springframework.security.web.access.intercept.FilterSecurityInterceptor@5f734b1b]
2021-04-13 23:43:15.395  INFO 4445 --- [    Test worker] o.s.s.concurrent.ThreadPoolTaskExecutor  : Initializing ExecutorService 'applicationTaskExecutor'
2021-04-13 23:43:15.416  WARN 4445 --- [    Test worker] aWebConfiguration$JpaWebMvcConfiguration : spring.jpa.open-in-view is enabled by default. Therefore, database queries may be performed during view rendering. Explicitly configure spring.jpa.open-in-view to disable this warning
2021-04-13 23:43:15.455  INFO 4445 --- [    Test worker] o.s.b.a.w.s.WelcomePageHandlerMapping    : Adding welcome page template: index
2021-04-13 23:43:15.888  INFO 4445 --- [    Test worker] o.s.b.w.embedded.tomcat.TomcatWebServer  : Tomcat started on port(s): 57247 (http) with context path ''
2021-04-13 23:43:15.889  INFO 4445 --- [    Test worker] c.s.m.s.web.IndexControllerTest          : Started IndexControllerTest in 2.679 seconds (JVM running for 15.892)
2021-04-13 23:43:16.028  INFO 4445 --- [o-auto-1-exec-1] o.a.c.c.C.[Tomcat].[localhost].[/]       : Initializing Spring DispatcherServlet 'dispatcherServlet'
2021-04-13 23:43:16.028  INFO 4445 --- [o-auto-1-exec-1] o.s.web.servlet.DispatcherServlet        : Initializing Servlet 'dispatcherServlet'
2021-04-13 23:43:16.059  INFO 4445 --- [o-auto-1-exec-1] o.s.web.servlet.DispatcherServlet        : Completed initialization in 31 ms
Hibernate: select posts0_.id as id1_0_, posts0_.create_date as create_d2_0_, posts0_.modified_date as modified3_0_, posts0_.author as author4_0_, posts0_.content as content5_0_, posts0_.title as title6_0_ from posts posts0_ order by posts0_.id DESC
]]></system-out>
  <system-err><![CDATA[]]></system-err>
</testsuite>
